<?xml version="1.0" encoding="UTF-8"?>
<!-- Generated by org.testng.reporters.JUnitReportReporter -->
<testsuite skipped="0" hostname="AnaLaura-Note" name="com.qa.testcases.DemoTest" tests="4" failures="0" timestamp="10 Sep 2018 15:51:35 GMT" time="0.036" errors="0">
  <testcase name="substract" time="0.004" classname="com.qa.testcases.DemoTest"/>
  <testcase name="multiplication" time="0.006" classname="com.qa.testcases.DemoTest"/>
  <testcase name="asum" time="0.021" classname="com.qa.testcases.DemoTest"/>
  <testcase name="division" time="0.005" classname="com.qa.testcases.DemoTest"/>
</testsuite> <!-- com.qa.testcases.DemoTest -->
