<?xml version="1.0" encoding="UTF-8"?>
<!-- Generated by org.testng.reporters.JUnitReportReporter -->
<testsuite skipped="1" hostname="SP16" name="com.qa.datadriventest.DataDrivenTest" tests="2" failures="0" timestamp="11 Sep 2018 18:31:34 GMT" time="8.093" errors="0">
  <testcase name="printLine" time="8.093" classname="com.qa.datadriventest.DataDrivenTest"/>
  <testcase name="createAccountTest" classname="com.qa.datadriventest.DataDrivenTest">
    <skipped/>
  </testcase> <!-- createAccountTest -->
</testsuite> <!-- com.qa.datadriventest.DataDrivenTest -->
