<?xml version="1.0" encoding="UTF-8"?>
<!-- Generated by org.testng.reporters.JUnitReportReporter -->
<testsuite skipped="0" hostname="SP16" name="com.qa.tests.DemoTest" tests="4" failures="0" timestamp="30 Aug 2018 19:00:27 GMT" time="0.011" errors="0">
  <testcase name="division" time="0.009" classname="com.qa.tests.DemoTest"/>
  <testcase name="substract" time="0.000" classname="com.qa.tests.DemoTest"/>
  <testcase name="multiplication" time="0.001" classname="com.qa.tests.DemoTest"/>
  <testcase name="sum" time="0.001" classname="com.qa.tests.DemoTest"/>
</testsuite> <!-- com.qa.tests.DemoTest -->
