<?xml version="1.0" encoding="UTF-8"?>
<!-- Generated by org.testng.reporters.JUnitReportReporter -->
<testsuite skipped="0" hostname="AnaLaura-Note" name="com.qa.testcases.LoginTestCase" tests="4" failures="0" timestamp="10 Sep 2018 19:01:03 GMT" time="113.822" errors="0">
  <testcase name="loginPageTitleTest" time="15.510" classname="com.qa.testcases.LoginTestCase"/>
  <testcase name="crmLogoImageTest" time="66.887" classname="com.qa.testcases.LoginTestCase"/>
  <testcase name="loginTest" time="16.251" classname="com.qa.testcases.LoginTestCase"/>
  <testcase name="loginTest" time="15.174" classname="com.qa.testcases.LoginTestCase"/>
</testsuite> <!-- com.qa.testcases.LoginTestCase -->
